{"C:\\Users\\NimmagaddaLakshmiSar\\Documents\\Assignments\\capstone furniro\\backend\\src\\config\\db.ts": {"path":"C:\\Users\\NimmagaddaLakshmiSar\\Documents\\Assignments\\capstone furniro\\backend\\src\\config\\db.ts","statementMap":{"0":{"start":{"line":1,"column":0},"end":{"line":1,"column":32}},"1":{"start":{"line":3,"column":18},"end":{"line":17,"column":1}},"2":{"start":{"line":4,"column":14},"end":{"line":4,"column":35}},"3":{"start":{"line":5,"column":2},"end":{"line":8,"column":3}},"4":{"start":{"line":6,"column":4},"end":{"line":6,"column":71}},"5":{"start":{"line":7,"column":4},"end":{"line":7,"column":20}},"6":{"start":{"line":10,"column":2},"end":{"line":16,"column":3}},"7":{"start":{"line":11,"column":17},"end":{"line":11,"column":44}},"8":{"start":{"line":12,"column":4},"end":{"line":12,"column":62}},"9":{"start":{"line":14,"column":4},"end":{"line":14,"column":55}},"10":{"start":{"line":15,"column":4},"end":{"line":15,"column":20}},"11":{"start":{"line":19,"column":0},"end":{"line":19,"column":25}}},"fnMap":{"0":{"name":"(anonymous_1)","decl":{"start":{"line":3,"column":18},"end":{"line":3,"column":23}},"loc":{"start":{"line":3,"column":44},"end":{"line":17,"column":1}}}},"branchMap":{"0":{"loc":{"start":{"line":5,"column":2},"end":{"line":8,"column":3}},"type":"if","locations":[{"start":{"line":5,"column":2},"end":{"line":8,"column":3}}]}},"s":{"0":0,"1":0,"2":0,"3":0,"4":0,"5":0,"6":0,"7":0,"8":0,"9":0,"10":0,"11":0},"f":{"0":0},"b":{"0":[0]}}
,"C:\\Users\\NimmagaddaLakshmiSar\\Documents\\Assignments\\capstone furniro\\backend\\src\\controllers\\authController.ts": {"path":"C:\\Users\\NimmagaddaLakshmiSar\\Documents\\Assignments\\capstone furniro\\backend\\src\\controllers\\authController.ts","statementMap":{"0":{"start":{"line":2,"column":0},"end":{"line":2,"column":31}},"1":{"start":{"line":3,"column":0},"end":{"line":3,"column":34}},"2":{"start":{"line":5,"column":0},"end":{"line":5,"column":57}},"3":{"start":{"line":7,"column":22},"end":{"line":11,"column":1}},"4":{"start":{"line":8,"column":17},"end":{"line":8,"column":40}},"5":{"start":{"line":9,"column":20},"end":{"line":9,"column":54}},"6":{"start":{"line":10,"column":2},"end":{"line":10,"column":68}},"7":{"start":{"line":13,"column":24},"end":{"line":40,"column":1}},"8":{"start":{"line":18,"column":2},"end":{"line":39,"column":3}},"9":{"start":{"line":19,"column":38},"end":{"line":19,"column":46}},"10":{"start":{"line":21,"column":4},"end":{"line":23,"column":5}},"11":{"start":{"line":22,"column":6},"end":{"line":22,"column":79}},"12":{"start":{"line":25,"column":25},"end":{"line":25,"column":54}},"13":{"start":{"line":26,"column":4},"end":{"line":28,"column":5}},"14":{"start":{"line":27,"column":6},"end":{"line":27,"column":75}},"15":{"start":{"line":30,"column":17},"end":{"line":30,"column":61}},"16":{"start":{"line":31,"column":18},"end":{"line":31,"column":52}},"17":{"start":{"line":33,"column":4},"end":{"line":36,"column":7}},"18":{"start":{"line":38,"column":4},"end":{"line":38,"column":16}},"19":{"start":{"line":13,"column":13},"end":{"line":13,"column":24}},"20":{"start":{"line":42,"column":21},"end":{"line":81,"column":1}},"21":{"start":{"line":47,"column":2},"end":{"line":80,"column":3}},"22":{"start":{"line":48,"column":32},"end":{"line":48,"column":40}},"23":{"start":{"line":50,"column":4},"end":{"line":52,"column":5}},"24":{"start":{"line":51,"column":6},"end":{"line":51,"column":73}},"25":{"start":{"line":54,"column":17},"end":{"line":54,"column":66}},"26":{"start":{"line":55,"column":4},"end":{"line":57,"column":5}},"27":{"start":{"line":56,"column":6},"end":{"line":56,"column":65}},"28":{"start":{"line":59,"column":20},"end":{"line":59,"column":56}},"29":{"start":{"line":60,"column":4},"end":{"line":62,"column":5}},"30":{"start":{"line":61,"column":6},"end":{"line":61,"column":65}},"31":{"start":{"line":64,"column":18},"end":{"line":64,"column":52}},"32":{"start":{"line":66,"column":4},"end":{"line":77,"column":7}},"33":{"start":{"line":79,"column":4},"end":{"line":79,"column":16}},"34":{"start":{"line":42,"column":13},"end":{"line":42,"column":21}},"35":{"start":{"line":83,"column":26},"end":{"line":102,"column":1}},"36":{"start":{"line":88,"column":2},"end":{"line":101,"column":3}},"37":{"start":{"line":89,"column":17},"end":{"line":89,"column":70}},"38":{"start":{"line":90,"column":4},"end":{"line":92,"column":5}},"39":{"start":{"line":91,"column":6},"end":{"line":91,"column":54}},"40":{"start":{"line":94,"column":4},"end":{"line":98,"column":7}},"41":{"start":{"line":100,"column":4},"end":{"line":100,"column":16}},"42":{"start":{"line":83,"column":13},"end":{"line":83,"column":26}},"43":{"start":{"line":104,"column":29},"end":{"line":137,"column":1}},"44":{"start":{"line":109,"column":2},"end":{"line":136,"column":3}},"45":{"start":{"line":110,"column":38},"end":{"line":110,"column":46}},"46":{"start":{"line":111,"column":17},"end":{"line":111,"column":50}},"47":{"start":{"line":113,"column":4},"end":{"line":115,"column":5}},"48":{"start":{"line":114,"column":6},"end":{"line":114,"column":54}},"49":{"start":{"line":117,"column":4},"end":{"line":117,"column":31}},"50":{"start":{"line":117,"column":14},"end":{"line":117,"column":31}},"51":{"start":{"line":118,"column":4},"end":{"line":118,"column":34}},"52":{"start":{"line":118,"column":15},"end":{"line":118,"column":34}},"53":{"start":{"line":119,"column":4},"end":{"line":119,"column":43}},"54":{"start":{"line":119,"column":18},"end":{"line":119,"column":43}},"55":{"start":{"line":121,"column":4},"end":{"line":121,"column":22}},"56":{"start":{"line":123,"column":4},"end":{"line":133,"column":7}},"57":{"start":{"line":135,"column":4},"end":{"line":135,"column":16}},"58":{"start":{"line":104,"column":13},"end":{"line":104,"column":29}}},"fnMap":{"0":{"name":"(anonymous_1)","decl":{"start":{"line":7,"column":22},"end":{"line":7,"column":23}},"loc":{"start":{"line":7,"column":45},"end":{"line":11,"column":1}}},"1":{"name":"(anonymous_2)","decl":{"start":{"line":13,"column":24},"end":{"line":13,"column":29}},"loc":{"start":{"line":17,"column":19},"end":{"line":40,"column":1}}},"2":{"name":"(anonymous_3)","decl":{"start":{"line":42,"column":21},"end":{"line":42,"column":26}},"loc":{"start":{"line":46,"column":19},"end":{"line":81,"column":1}}},"3":{"name":"(anonymous_4)","decl":{"start":{"line":83,"column":26},"end":{"line":83,"column":31}},"loc":{"start":{"line":87,"column":19},"end":{"line":102,"column":1}}},"4":{"name":"(anonymous_5)","decl":{"start":{"line":104,"column":29},"end":{"line":104,"column":34}},"loc":{"start":{"line":108,"column":19},"end":{"line":137,"column":1}}}},"branchMap":{"0":{"loc":{"start":{"line":9,"column":20},"end":{"line":9,"column":54}},"type":"binary-expr","locations":[{"start":{"line":9,"column":20},"end":{"line":9,"column":46}},{"start":{"line":9,"column":50},"end":{"line":9,"column":54}}]},"1":{"loc":{"start":{"line":21,"column":4},"end":{"line":23,"column":5}},"type":"if","locations":[{"start":{"line":21,"column":4},"end":{"line":23,"column":5}}]},"2":{"loc":{"start":{"line":21,"column":8},"end":{"line":21,"column":36}},"type":"binary-expr","locations":[{"start":{"line":21,"column":8},"end":{"line":21,"column":13}},{"start":{"line":21,"column":17},"end":{"line":21,"column":23}},{"start":{"line":21,"column":27},"end":{"line":21,"column":36}}]},"3":{"loc":{"start":{"line":26,"column":4},"end":{"line":28,"column":5}},"type":"if","locations":[{"start":{"line":26,"column":4},"end":{"line":28,"column":5}}]},"4":{"loc":{"start":{"line":50,"column":4},"end":{"line":52,"column":5}},"type":"if","locations":[{"start":{"line":50,"column":4},"end":{"line":52,"column":5}}]},"5":{"loc":{"start":{"line":50,"column":8},"end":{"line":50,"column":27}},"type":"binary-expr","locations":[{"start":{"line":50,"column":8},"end":{"line":50,"column":14}},{"start":{"line":50,"column":18},"end":{"line":50,"column":27}}]},"6":{"loc":{"start":{"line":55,"column":4},"end":{"line":57,"column":5}},"type":"if","locations":[{"start":{"line":55,"column":4},"end":{"line":57,"column":5}}]},"7":{"loc":{"start":{"line":60,"column":4},"end":{"line":62,"column":5}},"type":"if","locations":[{"start":{"line":60,"column":4},"end":{"line":62,"column":5}}]},"8":{"loc":{"start":{"line":90,"column":4},"end":{"line":92,"column":5}},"type":"if","locations":[{"start":{"line":90,"column":4},"end":{"line":92,"column":5}}]},"9":{"loc":{"start":{"line":113,"column":4},"end":{"line":115,"column":5}},"type":"if","locations":[{"start":{"line":113,"column":4},"end":{"line":115,"column":5}}]},"10":{"loc":{"start":{"line":117,"column":4},"end":{"line":117,"column":31}},"type":"if","locations":[{"start":{"line":117,"column":4},"end":{"line":117,"column":31}}]},"11":{"loc":{"start":{"line":118,"column":4},"end":{"line":118,"column":34}},"type":"if","locations":[{"start":{"line":118,"column":4},"end":{"line":118,"column":34}}]},"12":{"loc":{"start":{"line":119,"column":4},"end":{"line":119,"column":43}},"type":"if","locations":[{"start":{"line":119,"column":4},"end":{"line":119,"column":43}}]}},"s":{"0":1,"1":1,"2":1,"3":1,"4":2,"5":2,"6":2,"7":1,"8":6,"9":6,"10":6,"11":3,"12":3,"13":2,"14":1,"15":1,"16":1,"17":1,"18":1,"19":1,"20":1,"21":6,"22":6,"23":6,"24":2,"25":4,"26":3,"27":1,"28":2,"29":2,"30":1,"31":1,"32":1,"33":1,"34":1,"35":1,"36":3,"37":3,"38":2,"39":1,"40":1,"41":1,"42":1,"43":1,"44":6,"45":6,"46":6,"47":5,"48":1,"49":4,"50":1,"51":4,"52":1,"53":4,"54":1,"55":4,"56":4,"57":1,"58":1},"f":{"0":2,"1":6,"2":6,"3":3,"4":6},"b":{"0":[2,0],"1":[3],"2":[6,5,4],"3":[1],"4":[2],"5":[6,5],"6":[1],"7":[1],"8":[1],"9":[1],"10":[1],"11":[1],"12":[1]}}
,"C:\\Users\\NimmagaddaLakshmiSar\\Documents\\Assignments\\capstone furniro\\backend\\src\\controllers\\cartController.ts": {"path":"C:\\Users\\NimmagaddaLakshmiSar\\Documents\\Assignments\\capstone furniro\\backend\\src\\controllers\\cartController.ts","statementMap":{"0":{"start":{"line":2,"column":0},"end":{"line":2,"column":34}},"1":{"start":{"line":4,"column":0},"end":{"line":4,"column":57}},"2":{"start":{"line":6,"column":23},"end":{"line":22,"column":1}},"3":{"start":{"line":11,"column":2},"end":{"line":21,"column":3}},"4":{"start":{"line":12,"column":17},"end":{"line":12,"column":59}},"5":{"start":{"line":14,"column":4},"end":{"line":18,"column":7}},"6":{"start":{"line":20,"column":4},"end":{"line":20,"column":16}},"7":{"start":{"line":6,"column":13},"end":{"line":6,"column":23}},"8":{"start":{"line":24,"column":25},"end":{"line":68,"column":1}},"9":{"start":{"line":29,"column":2},"end":{"line":67,"column":3}},"10":{"start":{"line":30,"column":83},"end":{"line":30,"column":91}},"11":{"start":{"line":32,"column":4},"end":{"line":34,"column":5}},"12":{"start":{"line":33,"column":6},"end":{"line":33,"column":78}},"13":{"start":{"line":36,"column":4},"end":{"line":38,"column":5}},"14":{"start":{"line":37,"column":6},"end":{"line":37,"column":67}},"15":{"start":{"line":40,"column":15},"end":{"line":40,"column":57}},"16":{"start":{"line":42,"column":4},"end":{"line":58,"column":5}},"17":{"start":{"line":43,"column":6},"end":{"line":46,"column":9}},"18":{"start":{"line":48,"column":18},"end":{"line":48,"column":35}},"19":{"start":{"line":49,"column":23},"end":{"line":49,"column":64}},"20":{"start":{"line":49,"column":44},"end":{"line":49,"column":63}},"21":{"start":{"line":51,"column":6},"end":{"line":55,"column":7}},"22":{"start":{"line":52,"column":8},"end":{"line":52,"column":38}},"23":{"start":{"line":54,"column":8},"end":{"line":54,"column":87}},"24":{"start":{"line":57,"column":6},"end":{"line":57,"column":24}},"25":{"start":{"line":60,"column":4},"end":{"line":64,"column":7}},"26":{"start":{"line":66,"column":4},"end":{"line":66,"column":16}},"27":{"start":{"line":24,"column":13},"end":{"line":24,"column":25}},"28":{"start":{"line":70,"column":30},"end":{"line":100,"column":1}},"29":{"start":{"line":75,"column":2},"end":{"line":99,"column":3}},"30":{"start":{"line":76,"column":26},"end":{"line":76,"column":36}},"31":{"start":{"line":77,"column":25},"end":{"line":77,"column":33}},"32":{"start":{"line":79,"column":4},"end":{"line":81,"column":5}},"33":{"start":{"line":80,"column":6},"end":{"line":80,"column":67}},"34":{"start":{"line":83,"column":17},"end":{"line":83,"column":59}},"35":{"start":{"line":84,"column":4},"end":{"line":84,"column":63}},"36":{"start":{"line":84,"column":15},"end":{"line":84,"column":63}},"37":{"start":{"line":86,"column":17},"end":{"line":86,"column":64}},"38":{"start":{"line":86,"column":38},"end":{"line":86,"column":63}},"39":{"start":{"line":87,"column":4},"end":{"line":87,"column":71}},"40":{"start":{"line":87,"column":15},"end":{"line":87,"column":71}},"41":{"start":{"line":89,"column":4},"end":{"line":89,"column":29}},"42":{"start":{"line":90,"column":4},"end":{"line":90,"column":22}},"43":{"start":{"line":92,"column":4},"end":{"line":96,"column":7}},"44":{"start":{"line":98,"column":4},"end":{"line":98,"column":16}},"45":{"start":{"line":70,"column":13},"end":{"line":70,"column":30}},"46":{"start":{"line":102,"column":30},"end":{"line":124,"column":1}},"47":{"start":{"line":107,"column":2},"end":{"line":123,"column":3}},"48":{"start":{"line":108,"column":26},"end":{"line":108,"column":36}},"49":{"start":{"line":110,"column":17},"end":{"line":110,"column":59}},"50":{"start":{"line":111,"column":4},"end":{"line":111,"column":63}},"51":{"start":{"line":111,"column":15},"end":{"line":111,"column":63}},"52":{"start":{"line":113,"column":4},"end":{"line":113,"column":67}},"53":{"start":{"line":113,"column":40},"end":{"line":113,"column":65}},"54":{"start":{"line":114,"column":4},"end":{"line":114,"column":22}},"55":{"start":{"line":116,"column":4},"end":{"line":120,"column":7}},"56":{"start":{"line":122,"column":4},"end":{"line":122,"column":16}},"57":{"start":{"line":102,"column":13},"end":{"line":102,"column":30}},"58":{"start":{"line":126,"column":25},"end":{"line":146,"column":1}},"59":{"start":{"line":131,"column":2},"end":{"line":145,"column":3}},"60":{"start":{"line":132,"column":17},"end":{"line":132,"column":59}},"61":{"start":{"line":133,"column":4},"end":{"line":133,"column":63}},"62":{"start":{"line":133,"column":15},"end":{"line":133,"column":63}},"63":{"start":{"line":135,"column":4},"end":{"line":135,"column":20}},"64":{"start":{"line":136,"column":4},"end":{"line":136,"column":22}},"65":{"start":{"line":138,"column":4},"end":{"line":142,"column":7}},"66":{"start":{"line":144,"column":4},"end":{"line":144,"column":16}},"67":{"start":{"line":126,"column":13},"end":{"line":126,"column":25}},"68":{"start":{"line":148,"column":24},"end":{"line":177,"column":1}},"69":{"start":{"line":153,"column":2},"end":{"line":176,"column":3}},"70":{"start":{"line":154,"column":22},"end":{"line":154,"column":30}},"71":{"start":{"line":156,"column":4},"end":{"line":158,"column":5}},"72":{"start":{"line":157,"column":6},"end":{"line":157,"column":62}},"73":{"start":{"line":160,"column":15},"end":{"line":160,"column":57}},"74":{"start":{"line":162,"column":4},"end":{"line":167,"column":5}},"75":{"start":{"line":163,"column":6},"end":{"line":163,"column":62}},"76":{"start":{"line":165,"column":6},"end":{"line":165,"column":25}},"77":{"start":{"line":166,"column":6},"end":{"line":166,"column":24}},"78":{"start":{"line":169,"column":4},"end":{"line":173,"column":7}},"79":{"start":{"line":175,"column":4},"end":{"line":175,"column":16}},"80":{"start":{"line":148,"column":13},"end":{"line":148,"column":24}}},"fnMap":{"0":{"name":"(anonymous_1)","decl":{"start":{"line":6,"column":23},"end":{"line":6,"column":28}},"loc":{"start":{"line":10,"column":19},"end":{"line":22,"column":1}}},"1":{"name":"(anonymous_2)","decl":{"start":{"line":24,"column":25},"end":{"line":24,"column":30}},"loc":{"start":{"line":28,"column":19},"end":{"line":68,"column":1}}},"2":{"name":"(anonymous_3)","decl":{"start":{"line":49,"column":39},"end":{"line":49,"column":40}},"loc":{"start":{"line":49,"column":44},"end":{"line":49,"column":63}}},"3":{"name":"(anonymous_4)","decl":{"start":{"line":70,"column":30},"end":{"line":70,"column":35}},"loc":{"start":{"line":74,"column":19},"end":{"line":100,"column":1}}},"4":{"name":"(anonymous_5)","decl":{"start":{"line":86,"column":33},"end":{"line":86,"column":34}},"loc":{"start":{"line":86,"column":38},"end":{"line":86,"column":63}}},"5":{"name":"(anonymous_6)","decl":{"start":{"line":102,"column":30},"end":{"line":102,"column":35}},"loc":{"start":{"line":106,"column":19},"end":{"line":124,"column":1}}},"6":{"name":"(anonymous_7)","decl":{"start":{"line":113,"column":35},"end":{"line":113,"column":36}},"loc":{"start":{"line":113,"column":40},"end":{"line":113,"column":65}}},"7":{"name":"(anonymous_8)","decl":{"start":{"line":126,"column":25},"end":{"line":126,"column":30}},"loc":{"start":{"line":130,"column":19},"end":{"line":146,"column":1}}},"8":{"name":"(anonymous_9)","decl":{"start":{"line":148,"column":24},"end":{"line":148,"column":29}},"loc":{"start":{"line":152,"column":19},"end":{"line":177,"column":1}}}},"branchMap":{"0":{"loc":{"start":{"line":17,"column":20},"end":{"line":17,"column":61}},"type":"binary-expr","locations":[{"start":{"line":17,"column":20},"end":{"line":17,"column":24}},{"start":{"line":17,"column":28},"end":{"line":17,"column":61}}]},"1":{"loc":{"start":{"line":30,"column":43},"end":{"line":30,"column":55}},"type":"default-arg","locations":[{"start":{"line":30,"column":54},"end":{"line":30,"column":55}}]},"2":{"loc":{"start":{"line":30,"column":57},"end":{"line":30,"column":67}},"type":"default-arg","locations":[{"start":{"line":30,"column":65},"end":{"line":30,"column":67}}]},"3":{"loc":{"start":{"line":30,"column":69},"end":{"line":30,"column":78}},"type":"default-arg","locations":[{"start":{"line":30,"column":76},"end":{"line":30,"column":78}}]},"4":{"loc":{"start":{"line":32,"column":4},"end":{"line":34,"column":5}},"type":"if","locations":[{"start":{"line":32,"column":4},"end":{"line":34,"column":5}}]},"5":{"loc":{"start":{"line":32,"column":8},"end":{"line":32,"column":50}},"type":"binary-expr","locations":[{"start":{"line":32,"column":8},"end":{"line":32,"column":18}},{"start":{"line":32,"column":22},"end":{"line":32,"column":27}},{"start":{"line":32,"column":31},"end":{"line":32,"column":50}}]},"6":{"loc":{"start":{"line":36,"column":4},"end":{"line":38,"column":5}},"type":"if","locations":[{"start":{"line":36,"column":4},"end":{"line":38,"column":5}}]},"7":{"loc":{"start":{"line":42,"column":4},"end":{"line":58,"column":5}},"type":"if","locations":[{"start":{"line":42,"column":4},"end":{"line":58,"column":5}},{"start":{"line":47,"column":11},"end":{"line":58,"column":5}}]},"8":{"loc":{"start":{"line":51,"column":6},"end":{"line":55,"column":7}},"type":"if","locations":[{"start":{"line":51,"column":6},"end":{"line":55,"column":7}},{"start":{"line":53,"column":13},"end":{"line":55,"column":7}}]},"9":{"loc":{"start":{"line":79,"column":4},"end":{"line":81,"column":5}},"type":"if","locations":[{"start":{"line":79,"column":4},"end":{"line":81,"column":5}}]},"10":{"loc":{"start":{"line":79,"column":8},"end":{"line":79,"column":33}},"type":"binary-expr","locations":[{"start":{"line":79,"column":8},"end":{"line":79,"column":17}},{"start":{"line":79,"column":21},"end":{"line":79,"column":33}}]},"11":{"loc":{"start":{"line":84,"column":4},"end":{"line":84,"column":63}},"type":"if","locations":[{"start":{"line":84,"column":4},"end":{"line":84,"column":63}}]},"12":{"loc":{"start":{"line":87,"column":4},"end":{"line":87,"column":71}},"type":"if","locations":[{"start":{"line":87,"column":4},"end":{"line":87,"column":71}}]},"13":{"loc":{"start":{"line":111,"column":4},"end":{"line":111,"column":63}},"type":"if","locations":[{"start":{"line":111,"column":4},"end":{"line":111,"column":63}}]},"14":{"loc":{"start":{"line":133,"column":4},"end":{"line":133,"column":63}},"type":"if","locations":[{"start":{"line":133,"column":4},"end":{"line":133,"column":63}}]},"15":{"loc":{"start":{"line":156,"column":4},"end":{"line":158,"column":5}},"type":"if","locations":[{"start":{"line":156,"column":4},"end":{"line":158,"column":5}}]},"16":{"loc":{"start":{"line":162,"column":4},"end":{"line":167,"column":5}},"type":"if","locations":[{"start":{"line":162,"column":4},"end":{"line":167,"column":5}},{"start":{"line":164,"column":11},"end":{"line":167,"column":5}}]}},"s":{"0":1,"1":1,"2":1,"3":3,"4":3,"5":2,"6":1,"7":1,"8":1,"9":8,"10":8,"11":8,"12":3,"13":5,"14":1,"15":4,"16":3,"17":1,"18":2,"19":2,"20":2,"21":2,"22":1,"23":1,"24":2,"25":3,"26":1,"27":1,"28":1,"29":6,"30":6,"31":6,"32":6,"33":2,"34":4,"35":3,"36":1,"37":2,"38":1,"39":2,"40":1,"41":1,"42":1,"43":1,"44":1,"45":1,"46":1,"47":3,"48":3,"49":3,"50":2,"51":1,"52":1,"53":2,"54":1,"55":1,"56":1,"57":1,"58":1,"59":3,"60":3,"61":2,"62":1,"63":1,"64":1,"65":1,"66":1,"67":1,"68":1,"69":4,"70":4,"71":4,"72":1,"73":3,"74":2,"75":1,"76":1,"77":1,"78":2,"79":1,"80":1},"f":{"0":3,"1":8,"2":2,"3":6,"4":1,"5":3,"6":2,"7":3,"8":4},"b":{"0":[2,1],"1":[5],"2":[8],"3":[8],"4":[3],"5":[8,7,6],"6":[1],"7":[1,2],"8":[1,1],"9":[2],"10":[6,4],"11":[1],"12":[1],"13":[1],"14":[1],"15":[1],"16":[1,1]}}
,"C:\\Users\\NimmagaddaLakshmiSar\\Documents\\Assignments\\capstone furniro\\backend\\src\\controllers\\orderController.ts": {"path":"C:\\Users\\NimmagaddaLakshmiSar\\Documents\\Assignments\\capstone furniro\\backend\\src\\controllers\\orderController.ts","statementMap":{"0":{"start":{"line":2,"column":0},"end":{"line":2,"column":36}},"1":{"start":{"line":3,"column":0},"end":{"line":3,"column":34}},"2":{"start":{"line":4,"column":0},"end":{"line":4,"column":40}},"3":{"start":{"line":6,"column":0},"end":{"line":6,"column":57}},"4":{"start":{"line":8,"column":26},"end":{"line":74,"column":1}},"5":{"start":{"line":13,"column":2},"end":{"line":73,"column":3}},"6":{"start":{"line":14,"column":56},"end":{"line":14,"column":64}},"7":{"start":{"line":16,"column":4},"end":{"line":18,"column":5}},"8":{"start":{"line":17,"column":6},"end":{"line":17,"column":68}},"9":{"start":{"line":20,"column":17},"end":{"line":21,"column":null}},"10":{"start":{"line":24,"column":4},"end":{"line":26,"column":5}},"11":{"start":{"line":25,"column":6},"end":{"line":25,"column":89}},"12":{"start":{"line":28,"column":22},"end":{"line":28,"column":23}},"13":{"start":{"line":29,"column":80},"end":{"line":29,"column":82}},"14":{"start":{"line":31,"column":4},"end":{"line":51,"column":5}},"15":{"start":{"line":32,"column":22},"end":{"line":32,"column":60}},"16":{"start":{"line":33,"column":6},"end":{"line":35,"column":7}},"17":{"start":{"line":34,"column":8},"end":{"line":34,"column":78}},"18":{"start":{"line":36,"column":6},"end":{"line":38,"column":7}},"19":{"start":{"line":37,"column":8},"end":{"line":37,"column":81}},"20":{"start":{"line":40,"column":24},"end":{"line":40,"column":53}},"21":{"start":{"line":41,"column":6},"end":{"line":41,"column":31}},"22":{"start":{"line":43,"column":6},"end":{"line":47,"column":9}},"23":{"start":{"line":49,"column":6},"end":{"line":49,"column":37}},"24":{"start":{"line":50,"column":6},"end":{"line":50,"column":27}},"25":{"start":{"line":53,"column":18},"end":{"line":59,"column":6}},"26":{"start":{"line":61,"column":4},"end":{"line":61,"column":20}},"27":{"start":{"line":62,"column":4},"end":{"line":62,"column":22}},"28":{"start":{"line":64,"column":4},"end":{"line":64,"column":71}},"29":{"start":{"line":66,"column":4},"end":{"line":70,"column":7}},"30":{"start":{"line":72,"column":4},"end":{"line":72,"column":16}},"31":{"start":{"line":8,"column":13},"end":{"line":8,"column":26}},"32":{"start":{"line":76,"column":29},"end":{"line":94,"column":1}},"33":{"start":{"line":81,"column":2},"end":{"line":93,"column":3}},"34":{"start":{"line":82,"column":19},"end":{"line":84,"column":30}},"35":{"start":{"line":86,"column":4},"end":{"line":90,"column":7}},"36":{"start":{"line":92,"column":4},"end":{"line":92,"column":16}},"37":{"start":{"line":76,"column":13},"end":{"line":76,"column":29}},"38":{"start":{"line":96,"column":28},"end":{"line":119,"column":1}},"39":{"start":{"line":101,"column":2},"end":{"line":118,"column":3}},"40":{"start":{"line":102,"column":18},"end":{"line":105,"column":61}},"41":{"start":{"line":107,"column":4},"end":{"line":109,"column":5}},"42":{"start":{"line":108,"column":6},"end":{"line":108,"column":55}},"43":{"start":{"line":111,"column":4},"end":{"line":115,"column":7}},"44":{"start":{"line":117,"column":4},"end":{"line":117,"column":16}},"45":{"start":{"line":96,"column":13},"end":{"line":96,"column":28}}},"fnMap":{"0":{"name":"(anonymous_1)","decl":{"start":{"line":8,"column":26},"end":{"line":8,"column":31}},"loc":{"start":{"line":12,"column":19},"end":{"line":74,"column":1}}},"1":{"name":"(anonymous_2)","decl":{"start":{"line":76,"column":29},"end":{"line":76,"column":34}},"loc":{"start":{"line":80,"column":19},"end":{"line":94,"column":1}}},"2":{"name":"(anonymous_3)","decl":{"start":{"line":96,"column":28},"end":{"line":96,"column":33}},"loc":{"start":{"line":100,"column":19},"end":{"line":119,"column":1}}}},"branchMap":{"0":{"loc":{"start":{"line":14,"column":29},"end":{"line":14,"column":51}},"type":"default-arg","locations":[{"start":{"line":14,"column":45},"end":{"line":14,"column":51}}]},"1":{"loc":{"start":{"line":16,"column":4},"end":{"line":18,"column":5}},"type":"if","locations":[{"start":{"line":16,"column":4},"end":{"line":18,"column":5}}]},"2":{"loc":{"start":{"line":16,"column":8},"end":{"line":16,"column":76}},"type":"binary-expr","locations":[{"start":{"line":16,"column":8},"end":{"line":16,"column":24}},{"start":{"line":16,"column":28},"end":{"line":16,"column":51}},{"start":{"line":16,"column":55},"end":{"line":16,"column":76}}]},"3":{"loc":{"start":{"line":24,"column":4},"end":{"line":26,"column":5}},"type":"if","locations":[{"start":{"line":24,"column":4},"end":{"line":26,"column":5}}]},"4":{"loc":{"start":{"line":24,"column":8},"end":{"line":24,"column":40}},"type":"binary-expr","locations":[{"start":{"line":24,"column":8},"end":{"line":24,"column":13}},{"start":{"line":24,"column":17},"end":{"line":24,"column":40}}]},"5":{"loc":{"start":{"line":33,"column":6},"end":{"line":35,"column":7}},"type":"if","locations":[{"start":{"line":33,"column":6},"end":{"line":35,"column":7}}]},"6":{"loc":{"start":{"line":36,"column":6},"end":{"line":38,"column":7}},"type":"if","locations":[{"start":{"line":36,"column":6},"end":{"line":38,"column":7}}]},"7":{"loc":{"start":{"line":107,"column":4},"end":{"line":109,"column":5}},"type":"if","locations":[{"start":{"line":107,"column":4},"end":{"line":109,"column":5}}]}},"s":{"0":1,"1":1,"2":1,"3":1,"4":1,"5":10,"6":10,"7":10,"8":3,"9":7,"10":6,"11":2,"12":4,"13":4,"14":4,"15":4,"16":4,"17":1,"18":3,"19":1,"20":2,"21":2,"22":2,"23":2,"24":2,"25":2,"26":2,"27":2,"28":2,"29":2,"30":1,"31":1,"32":1,"33":3,"34":3,"35":2,"36":1,"37":1,"38":1,"39":3,"40":3,"41":2,"42":1,"43":1,"44":1,"45":1},"f":{"0":10,"1":3,"2":3},"b":{"0":[8],"1":[3],"2":[10,9,8],"3":[2],"4":[6,5],"5":[1],"6":[1],"7":[1]}}
,"C:\\Users\\NimmagaddaLakshmiSar\\Documents\\Assignments\\capstone furniro\\backend\\src\\controllers\\productController.ts": {"path":"C:\\Users\\NimmagaddaLakshmiSar\\Documents\\Assignments\\capstone furniro\\backend\\src\\controllers\\productController.ts","statementMap":{"0":{"start":{"line":2,"column":0},"end":{"line":2,"column":40}},"1":{"start":{"line":3,"column":0},"end":{"line":3,"column":57}},"2":{"start":{"line":5,"column":30},"end":{"line":62,"column":1}},"3":{"start":{"line":10,"column":2},"end":{"line":61,"column":3}},"4":{"start":{"line":11,"column":59},"end":{"line":11,"column":68}},"5":{"start":{"line":12,"column":17},"end":{"line":12,"column":57}},"6":{"start":{"line":13,"column":18},"end":{"line":13,"column":75}},"7":{"start":{"line":14,"column":17},"end":{"line":14,"column":35}},"8":{"start":{"line":16,"column":44},"end":{"line":16,"column":46}},"9":{"start":{"line":18,"column":4},"end":{"line":23,"column":5}},"10":{"start":{"line":19,"column":6},"end":{"line":22,"column":8}},"11":{"start":{"line":25,"column":4},"end":{"line":27,"column":5}},"12":{"start":{"line":26,"column":6},"end":{"line":26,"column":43}},"13":{"start":{"line":29,"column":4},"end":{"line":33,"column":5}},"14":{"start":{"line":30,"column":6},"end":{"line":30,"column":24}},"15":{"start":{"line":31,"column":6},"end":{"line":31,"column":85}},"16":{"start":{"line":31,"column":21},"end":{"line":31,"column":85}},"17":{"start":{"line":32,"column":6},"end":{"line":32,"column":85}},"18":{"start":{"line":32,"column":21},"end":{"line":32,"column":85}},"19":{"start":{"line":35,"column":45},"end":{"line":35,"column":62}},"20":{"start":{"line":36,"column":4},"end":{"line":36,"column":56}},"21":{"start":{"line":36,"column":30},"end":{"line":36,"column":56}},"22":{"start":{"line":37,"column":4},"end":{"line":37,"column":58}},"23":{"start":{"line":37,"column":31},"end":{"line":37,"column":58}},"24":{"start":{"line":38,"column":4},"end":{"line":38,"column":50}},"25":{"start":{"line":38,"column":25},"end":{"line":38,"column":50}},"26":{"start":{"line":39,"column":4},"end":{"line":39,"column":58}},"27":{"start":{"line":39,"column":27},"end":{"line":39,"column":58}},"28":{"start":{"line":41,"column":38},"end":{"line":44,"column":6}},"29":{"start":{"line":46,"column":23},"end":{"line":46,"column":55}},"30":{"start":{"line":48,"column":4},"end":{"line":58,"column":7}},"31":{"start":{"line":60,"column":4},"end":{"line":60,"column":16}},"32":{"start":{"line":5,"column":13},"end":{"line":5,"column":30}},"33":{"start":{"line":64,"column":31},"end":{"line":96,"column":1}},"34":{"start":{"line":69,"column":2},"end":{"line":95,"column":3}},"35":{"start":{"line":70,"column":20},"end":{"line":70,"column":29}},"36":{"start":{"line":72,"column":4},"end":{"line":74,"column":5}},"37":{"start":{"line":73,"column":6},"end":{"line":73,"column":85}},"38":{"start":{"line":76,"column":20},"end":{"line":76,"column":82}},"39":{"start":{"line":76,"column":56},"end":{"line":76,"column":65}},"40":{"start":{"line":78,"column":4},"end":{"line":80,"column":5}},"41":{"start":{"line":79,"column":6},"end":{"line":79,"column":90}},"42":{"start":{"line":82,"column":4},"end":{"line":84,"column":5}},"43":{"start":{"line":83,"column":6},"end":{"line":83,"column":82}},"44":{"start":{"line":86,"column":21},"end":{"line":86,"column":65}},"45":{"start":{"line":88,"column":4},"end":{"line":92,"column":7}},"46":{"start":{"line":94,"column":4},"end":{"line":94,"column":16}},"47":{"start":{"line":64,"column":13},"end":{"line":64,"column":31}},"48":{"start":{"line":98,"column":30},"end":{"line":115,"column":1}},"49":{"start":{"line":103,"column":2},"end":{"line":114,"column":3}},"50":{"start":{"line":104,"column":20},"end":{"line":104,"column":57}},"51":{"start":{"line":105,"column":4},"end":{"line":105,"column":69}},"52":{"start":{"line":105,"column":18},"end":{"line":105,"column":69}},"53":{"start":{"line":107,"column":4},"end":{"line":111,"column":7}},"54":{"start":{"line":113,"column":4},"end":{"line":113,"column":16}},"55":{"start":{"line":98,"column":13},"end":{"line":98,"column":30}},"56":{"start":{"line":117,"column":29},"end":{"line":133,"column":1}},"57":{"start":{"line":122,"column":2},"end":{"line":132,"column":3}},"58":{"start":{"line":123,"column":20},"end":{"line":123,"column":50}},"59":{"start":{"line":125,"column":4},"end":{"line":129,"column":7}},"60":{"start":{"line":131,"column":4},"end":{"line":131,"column":16}},"61":{"start":{"line":117,"column":13},"end":{"line":117,"column":29}},"62":{"start":{"line":135,"column":29},"end":{"line":156,"column":1}},"63":{"start":{"line":140,"column":2},"end":{"line":155,"column":3}},"64":{"start":{"line":141,"column":20},"end":{"line":144,"column":null}},"65":{"start":{"line":146,"column":4},"end":{"line":146,"column":69}},"66":{"start":{"line":146,"column":18},"end":{"line":146,"column":69}},"67":{"start":{"line":148,"column":4},"end":{"line":152,"column":7}},"68":{"start":{"line":154,"column":4},"end":{"line":154,"column":16}},"69":{"start":{"line":135,"column":13},"end":{"line":135,"column":29}},"70":{"start":{"line":158,"column":29},"end":{"line":175,"column":1}},"71":{"start":{"line":163,"column":2},"end":{"line":174,"column":3}},"72":{"start":{"line":164,"column":20},"end":{"line":164,"column":66}},"73":{"start":{"line":165,"column":4},"end":{"line":165,"column":69}},"74":{"start":{"line":165,"column":18},"end":{"line":165,"column":69}},"75":{"start":{"line":167,"column":4},"end":{"line":171,"column":7}},"76":{"start":{"line":173,"column":4},"end":{"line":173,"column":16}},"77":{"start":{"line":158,"column":13},"end":{"line":158,"column":29}}},"fnMap":{"0":{"name":"(anonymous_1)","decl":{"start":{"line":5,"column":30},"end":{"line":5,"column":35}},"loc":{"start":{"line":9,"column":19},"end":{"line":62,"column":1}}},"1":{"name":"(anonymous_2)","decl":{"start":{"line":64,"column":31},"end":{"line":64,"column":36}},"loc":{"start":{"line":68,"column":19},"end":{"line":96,"column":1}}},"2":{"name":"(anonymous_3)","decl":{"start":{"line":76,"column":50},"end":{"line":76,"column":52}},"loc":{"start":{"line":76,"column":56},"end":{"line":76,"column":65}}},"3":{"name":"(anonymous_4)","decl":{"start":{"line":98,"column":30},"end":{"line":98,"column":35}},"loc":{"start":{"line":102,"column":19},"end":{"line":115,"column":1}}},"4":{"name":"(anonymous_5)","decl":{"start":{"line":117,"column":29},"end":{"line":117,"column":34}},"loc":{"start":{"line":121,"column":19},"end":{"line":133,"column":1}}},"5":{"name":"(anonymous_6)","decl":{"start":{"line":135,"column":29},"end":{"line":135,"column":34}},"loc":{"start":{"line":139,"column":19},"end":{"line":156,"column":1}}},"6":{"name":"(anonymous_7)","decl":{"start":{"line":158,"column":29},"end":{"line":158,"column":34}},"loc":{"start":{"line":162,"column":19},"end":{"line":175,"column":1}}}},"branchMap":{"0":{"loc":{"start":{"line":12,"column":29},"end":{"line":12,"column":56}},"type":"binary-expr","locations":[{"start":{"line":12,"column":29},"end":{"line":12,"column":51}},{"start":{"line":12,"column":55},"end":{"line":12,"column":56}}]},"1":{"loc":{"start":{"line":13,"column":44},"end":{"line":13,"column":73}},"type":"binary-expr","locations":[{"start":{"line":13,"column":44},"end":{"line":13,"column":67}},{"start":{"line":13,"column":71},"end":{"line":13,"column":73}}]},"2":{"loc":{"start":{"line":18,"column":4},"end":{"line":23,"column":5}},"type":"if","locations":[{"start":{"line":18,"column":4},"end":{"line":23,"column":5}}]},"3":{"loc":{"start":{"line":25,"column":4},"end":{"line":27,"column":5}},"type":"if","locations":[{"start":{"line":25,"column":4},"end":{"line":27,"column":5}}]},"4":{"loc":{"start":{"line":29,"column":4},"end":{"line":33,"column":5}},"type":"if","locations":[{"start":{"line":29,"column":4},"end":{"line":33,"column":5}}]},"5":{"loc":{"start":{"line":29,"column":8},"end":{"line":29,"column":28}},"type":"binary-expr","locations":[{"start":{"line":29,"column":8},"end":{"line":29,"column":16}},{"start":{"line":29,"column":20},"end":{"line":29,"column":28}}]},"6":{"loc":{"start":{"line":31,"column":6},"end":{"line":31,"column":85}},"type":"if","locations":[{"start":{"line":31,"column":6},"end":{"line":31,"column":85}}]},"7":{"loc":{"start":{"line":32,"column":6},"end":{"line":32,"column":85}},"type":"if","locations":[{"start":{"line":32,"column":6},"end":{"line":32,"column":85}}]},"8":{"loc":{"start":{"line":36,"column":4},"end":{"line":36,"column":56}},"type":"if","locations":[{"start":{"line":36,"column":4},"end":{"line":36,"column":56}}]},"9":{"loc":{"start":{"line":37,"column":4},"end":{"line":37,"column":58}},"type":"if","locations":[{"start":{"line":37,"column":4},"end":{"line":37,"column":58}}]},"10":{"loc":{"start":{"line":38,"column":4},"end":{"line":38,"column":50}},"type":"if","locations":[{"start":{"line":38,"column":4},"end":{"line":38,"column":50}}]},"11":{"loc":{"start":{"line":39,"column":4},"end":{"line":39,"column":58}},"type":"if","locations":[{"start":{"line":39,"column":4},"end":{"line":39,"column":58}}]},"12":{"loc":{"start":{"line":72,"column":4},"end":{"line":74,"column":5}},"type":"if","locations":[{"start":{"line":72,"column":4},"end":{"line":74,"column":5}}]},"13":{"loc":{"start":{"line":78,"column":4},"end":{"line":80,"column":5}},"type":"if","locations":[{"start":{"line":78,"column":4},"end":{"line":80,"column":5}}]},"14":{"loc":{"start":{"line":82,"column":4},"end":{"line":84,"column":5}},"type":"if","locations":[{"start":{"line":82,"column":4},"end":{"line":84,"column":5}}]},"15":{"loc":{"start":{"line":105,"column":4},"end":{"line":105,"column":69}},"type":"if","locations":[{"start":{"line":105,"column":4},"end":{"line":105,"column":69}}]},"16":{"loc":{"start":{"line":146,"column":4},"end":{"line":146,"column":69}},"type":"if","locations":[{"start":{"line":146,"column":4},"end":{"line":146,"column":69}}]},"17":{"loc":{"start":{"line":165,"column":4},"end":{"line":165,"column":69}},"type":"if","locations":[{"start":{"line":165,"column":4},"end":{"line":165,"column":69}}]}},"s":{"0":1,"1":1,"2":1,"3":13,"4":13,"5":13,"6":13,"7":13,"8":13,"9":13,"10":1,"11":13,"12":1,"13":13,"14":2,"15":2,"16":1,"17":2,"18":1,"19":13,"20":13,"21":1,"22":13,"23":1,"24":13,"25":1,"26":13,"27":1,"28":13,"29":12,"30":12,"31":1,"32":1,"33":1,"34":6,"35":6,"36":6,"37":1,"38":5,"39":14,"40":5,"41":1,"42":4,"43":1,"44":3,"45":2,"46":1,"47":1,"48":1,"49":3,"50":3,"51":2,"52":1,"53":1,"54":1,"55":1,"56":1,"57":2,"58":2,"59":1,"60":1,"61":1,"62":1,"63":3,"64":3,"65":2,"66":1,"67":1,"68":1,"69":1,"70":1,"71":3,"72":3,"73":2,"74":1,"75":1,"76":1,"77":1},"f":{"0":13,"1":6,"2":14,"3":3,"4":2,"5":3,"6":3},"b":{"0":[13,12],"1":[13,10],"2":[1],"3":[1],"4":[2],"5":[13,12],"6":[1],"7":[1],"8":[1],"9":[1],"10":[1],"11":[1],"12":[1],"13":[1],"14":[1],"15":[1],"16":[1],"17":[1]}}
,"C:\\Users\\NimmagaddaLakshmiSar\\Documents\\Assignments\\capstone furniro\\backend\\src\\controllers\\wishlistController.ts": {"path":"C:\\Users\\NimmagaddaLakshmiSar\\Documents\\Assignments\\capstone furniro\\backend\\src\\controllers\\wishlistController.ts","statementMap":{"0":{"start":{"line":2,"column":0},"end":{"line":2,"column":42}},"1":{"start":{"line":4,"column":0},"end":{"line":4,"column":57}},"2":{"start":{"line":6,"column":27},"end":{"line":22,"column":1}},"3":{"start":{"line":11,"column":2},"end":{"line":21,"column":3}},"4":{"start":{"line":12,"column":21},"end":{"line":12,"column":67}},"5":{"start":{"line":14,"column":4},"end":{"line":18,"column":7}},"6":{"start":{"line":20,"column":4},"end":{"line":20,"column":16}},"7":{"start":{"line":6,"column":13},"end":{"line":6,"column":27}},"8":{"start":{"line":24,"column":30},"end":{"line":77,"column":1}},"9":{"start":{"line":29,"column":2},"end":{"line":76,"column":3}},"10":{"start":{"line":30,"column":46},"end":{"line":30,"column":54}},"11":{"start":{"line":32,"column":4},"end":{"line":34,"column":5}},"12":{"start":{"line":33,"column":6},"end":{"line":33,"column":78}},"13":{"start":{"line":36,"column":16},"end":{"line":36,"column":33}},"14":{"start":{"line":37,"column":19},"end":{"line":37,"column":65}},"15":{"start":{"line":39,"column":4},"end":{"line":51,"column":5}},"16":{"start":{"line":40,"column":6},"end":{"line":43,"column":9}},"17":{"start":{"line":45,"column":6},"end":{"line":49,"column":9}},"18":{"start":{"line":50,"column":6},"end":{"line":50,"column":13}},"19":{"start":{"line":53,"column":19},"end":{"line":53,"column":64}},"20":{"start":{"line":53,"column":44},"end":{"line":53,"column":63}},"21":{"start":{"line":55,"column":4},"end":{"line":73,"column":5}},"22":{"start":{"line":56,"column":6},"end":{"line":56,"column":71}},"23":{"start":{"line":56,"column":50},"end":{"line":56,"column":69}},"24":{"start":{"line":57,"column":6},"end":{"line":57,"column":28}},"25":{"start":{"line":59,"column":6},"end":{"line":63,"column":9}},"26":{"start":{"line":65,"column":6},"end":{"line":65,"column":79}},"27":{"start":{"line":66,"column":6},"end":{"line":66,"column":28}},"28":{"start":{"line":68,"column":6},"end":{"line":72,"column":9}},"29":{"start":{"line":75,"column":4},"end":{"line":75,"column":16}},"30":{"start":{"line":24,"column":13},"end":{"line":24,"column":30}},"31":{"start":{"line":79,"column":28},"end":{"line":108,"column":1}},"32":{"start":{"line":84,"column":2},"end":{"line":107,"column":3}},"33":{"start":{"line":85,"column":22},"end":{"line":85,"column":30}},"34":{"start":{"line":87,"column":4},"end":{"line":89,"column":5}},"35":{"start":{"line":88,"column":6},"end":{"line":88,"column":62}},"36":{"start":{"line":91,"column":19},"end":{"line":91,"column":65}},"37":{"start":{"line":93,"column":4},"end":{"line":98,"column":5}},"38":{"start":{"line":94,"column":6},"end":{"line":94,"column":70}},"39":{"start":{"line":96,"column":6},"end":{"line":96,"column":29}},"40":{"start":{"line":97,"column":6},"end":{"line":97,"column":28}},"41":{"start":{"line":100,"column":4},"end":{"line":104,"column":7}},"42":{"start":{"line":106,"column":4},"end":{"line":106,"column":16}},"43":{"start":{"line":79,"column":13},"end":{"line":79,"column":28}}},"fnMap":{"0":{"name":"(anonymous_1)","decl":{"start":{"line":6,"column":27},"end":{"line":6,"column":32}},"loc":{"start":{"line":10,"column":19},"end":{"line":22,"column":1}}},"1":{"name":"(anonymous_2)","decl":{"start":{"line":24,"column":30},"end":{"line":24,"column":35}},"loc":{"start":{"line":28,"column":19},"end":{"line":77,"column":1}}},"2":{"name":"(anonymous_3)","decl":{"start":{"line":53,"column":39},"end":{"line":53,"column":40}},"loc":{"start":{"line":53,"column":44},"end":{"line":53,"column":63}}},"3":{"name":"(anonymous_4)","decl":{"start":{"line":56,"column":45},"end":{"line":56,"column":46}},"loc":{"start":{"line":56,"column":50},"end":{"line":56,"column":69}}},"4":{"name":"(anonymous_5)","decl":{"start":{"line":79,"column":28},"end":{"line":79,"column":33}},"loc":{"start":{"line":83,"column":19},"end":{"line":108,"column":1}}}},"branchMap":{"0":{"loc":{"start":{"line":17,"column":24},"end":{"line":17,"column":69}},"type":"binary-expr","locations":[{"start":{"line":17,"column":24},"end":{"line":17,"column":32}},{"start":{"line":17,"column":36},"end":{"line":17,"column":69}}]},"1":{"loc":{"start":{"line":32,"column":4},"end":{"line":34,"column":5}},"type":"if","locations":[{"start":{"line":32,"column":4},"end":{"line":34,"column":5}}]},"2":{"loc":{"start":{"line":32,"column":8},"end":{"line":32,"column":50}},"type":"binary-expr","locations":[{"start":{"line":32,"column":8},"end":{"line":32,"column":18}},{"start":{"line":32,"column":22},"end":{"line":32,"column":27}},{"start":{"line":32,"column":31},"end":{"line":32,"column":50}}]},"3":{"loc":{"start":{"line":39,"column":4},"end":{"line":51,"column":5}},"type":"if","locations":[{"start":{"line":39,"column":4},"end":{"line":51,"column":5}}]},"4":{"loc":{"start":{"line":42,"column":54},"end":{"line":42,"column":65}},"type":"binary-expr","locations":[{"start":{"line":42,"column":54},"end":{"line":42,"column":59}},{"start":{"line":42,"column":63},"end":{"line":42,"column":65}}]},"5":{"loc":{"start":{"line":55,"column":4},"end":{"line":73,"column":5}},"type":"if","locations":[{"start":{"line":55,"column":4},"end":{"line":73,"column":5}},{"start":{"line":64,"column":11},"end":{"line":73,"column":5}}]},"6":{"loc":{"start":{"line":65,"column":64},"end":{"line":65,"column":75}},"type":"binary-expr","locations":[{"start":{"line":65,"column":64},"end":{"line":65,"column":69}},{"start":{"line":65,"column":73},"end":{"line":65,"column":75}}]},"7":{"loc":{"start":{"line":87,"column":4},"end":{"line":89,"column":5}},"type":"if","locations":[{"start":{"line":87,"column":4},"end":{"line":89,"column":5}}]},"8":{"loc":{"start":{"line":93,"column":4},"end":{"line":98,"column":5}},"type":"if","locations":[{"start":{"line":93,"column":4},"end":{"line":98,"column":5}},{"start":{"line":95,"column":11},"end":{"line":98,"column":5}}]}},"s":{"0":1,"1":1,"2":1,"3":3,"4":3,"5":2,"6":1,"7":1,"8":1,"9":8,"10":8,"11":8,"12":3,"13":5,"14":5,"15":4,"16":2,"17":2,"18":2,"19":2,"20":2,"21":2,"22":1,"23":1,"24":1,"25":1,"26":1,"27":1,"28":1,"29":1,"30":1,"31":1,"32":5,"33":5,"34":5,"35":1,"36":4,"37":3,"38":1,"39":2,"40":2,"41":3,"42":1,"43":1},"f":{"0":3,"1":8,"2":2,"3":1,"4":5},"b":{"0":[2,1],"1":[3],"2":[8,7,6],"3":[2],"4":[2,2],"5":[1,1],"6":[1,1],"7":[1],"8":[1,2]}}
,"C:\\Users\\NimmagaddaLakshmiSar\\Documents\\Assignments\\capstone furniro\\backend\\src\\middleware\\authMiddleware.ts": {"path":"C:\\Users\\NimmagaddaLakshmiSar\\Documents\\Assignments\\capstone furniro\\backend\\src\\middleware\\authMiddleware.ts","statementMap":{"0":{"start":{"line":2,"column":0},"end":{"line":2,"column":31}},"1":{"start":{"line":12,"column":23},"end":{"line":51,"column":1}},"2":{"start":{"line":17,"column":21},"end":{"line":17,"column":46}},"3":{"start":{"line":19,"column":2},"end":{"line":26,"column":3}},"4":{"start":{"line":20,"column":4},"end":{"line":24,"column":7}},"5":{"start":{"line":25,"column":4},"end":{"line":25,"column":11}},"6":{"start":{"line":28,"column":16},"end":{"line":28,"column":40}},"7":{"start":{"line":29,"column":17},"end":{"line":29,"column":39}},"8":{"start":{"line":31,"column":2},"end":{"line":38,"column":3}},"9":{"start":{"line":32,"column":4},"end":{"line":36,"column":7}},"10":{"start":{"line":37,"column":4},"end":{"line":37,"column":11}},"11":{"start":{"line":40,"column":2},"end":{"line":50,"column":3}},"12":{"start":{"line":41,"column":20},"end":{"line":41,"column":59}},"13":{"start":{"line":42,"column":4},"end":{"line":42,"column":34}},"14":{"start":{"line":43,"column":4},"end":{"line":43,"column":11}},"15":{"start":{"line":45,"column":4},"end":{"line":49,"column":7}},"16":{"start":{"line":12,"column":13},"end":{"line":12,"column":23}}},"fnMap":{"0":{"name":"(anonymous_1)","decl":{"start":{"line":12,"column":23},"end":{"line":12,"column":null}},"loc":{"start":{"line":16,"column":10},"end":{"line":51,"column":1}}}},"branchMap":{"0":{"loc":{"start":{"line":19,"column":2},"end":{"line":26,"column":3}},"type":"if","locations":[{"start":{"line":19,"column":2},"end":{"line":26,"column":3}}]},"1":{"loc":{"start":{"line":19,"column":6},"end":{"line":19,"column":54}},"type":"binary-expr","locations":[{"start":{"line":19,"column":6},"end":{"line":19,"column":17}},{"start":{"line":19,"column":21},"end":{"line":19,"column":54}}]},"2":{"loc":{"start":{"line":31,"column":2},"end":{"line":38,"column":3}},"type":"if","locations":[{"start":{"line":31,"column":2},"end":{"line":38,"column":3}}]}},"s":{"0":2,"1":2,"2":8,"3":8,"4":4,"5":4,"6":4,"7":4,"8":4,"9":1,"10":1,"11":3,"12":3,"13":2,"14":2,"15":1,"16":2},"f":{"0":8},"b":{"0":[4],"1":[8,6],"2":[1]}}
,"C:\\Users\\NimmagaddaLakshmiSar\\Documents\\Assignments\\capstone furniro\\backend\\src\\middleware\\errorHandler.ts": {"path":"C:\\Users\\NimmagaddaLakshmiSar\\Documents\\Assignments\\capstone furniro\\backend\\src\\middleware\\errorHandler.ts","statementMap":{"0":{"start":{"line":7,"column":28},"end":{"line":23,"column":1}},"1":{"start":{"line":13,"column":21},"end":{"line":13,"column":42}},"2":{"start":{"line":14,"column":18},"end":{"line":14,"column":56}},"3":{"start":{"line":16,"column":2},"end":{"line":16,"column":54}},"4":{"start":{"line":18,"column":2},"end":{"line":22,"column":5}},"5":{"start":{"line":7,"column":13},"end":{"line":7,"column":28}},"6":{"start":{"line":25,"column":27},"end":{"line":29,"column":1}},"7":{"start":{"line":26,"column":26},"end":{"line":26,"column":44}},"8":{"start":{"line":27,"column":2},"end":{"line":27,"column":32}},"9":{"start":{"line":28,"column":2},"end":{"line":28,"column":15}},"10":{"start":{"line":25,"column":13},"end":{"line":25,"column":27}}},"fnMap":{"0":{"name":"(anonymous_0)","decl":{"start":{"line":7,"column":28},"end":{"line":7,"column":null}},"loc":{"start":{"line":12,"column":10},"end":{"line":23,"column":1}}},"1":{"name":"(anonymous_1)","decl":{"start":{"line":25,"column":27},"end":{"line":25,"column":28}},"loc":{"start":{"line":25,"column":77},"end":{"line":29,"column":1}}}},"branchMap":{"0":{"loc":{"start":{"line":13,"column":21},"end":{"line":13,"column":42}},"type":"binary-expr","locations":[{"start":{"line":13,"column":21},"end":{"line":13,"column":35}},{"start":{"line":13,"column":39},"end":{"line":13,"column":42}}]},"1":{"loc":{"start":{"line":14,"column":18},"end":{"line":14,"column":56}},"type":"binary-expr","locations":[{"start":{"line":14,"column":18},"end":{"line":14,"column":29}},{"start":{"line":14,"column":33},"end":{"line":14,"column":56}}]}},"s":{"0":7,"1":6,"2":6,"3":6,"4":6,"5":7,"6":7,"7":51,"8":51,"9":51,"10":7},"f":{"0":6,"1":51},"b":{"0":[6,2],"1":[6,1]}}
,"C:\\Users\\NimmagaddaLakshmiSar\\Documents\\Assignments\\capstone furniro\\backend\\src\\models\\Cart.ts": {"path":"C:\\Users\\NimmagaddaLakshmiSar\\Documents\\Assignments\\capstone furniro\\backend\\src\\models\\Cart.ts","statementMap":{"0":{"start":{"line":1,"column":0},"end":{"line":1,"column":54}},"1":{"start":{"line":19,"column":23},"end":{"line":29,"column":null}},"2":{"start":{"line":32,"column":19},"end":{"line":42,"column":null}},"3":{"start":{"line":45,"column":0},"end":{"line":45,"column":57}}},"fnMap":{},"branchMap":{},"s":{"0":1,"1":1,"2":1,"3":1},"f":{},"b":{}}
,"C:\\Users\\NimmagaddaLakshmiSar\\Documents\\Assignments\\capstone furniro\\backend\\src\\models\\Order.ts": {"path":"C:\\Users\\NimmagaddaLakshmiSar\\Documents\\Assignments\\capstone furniro\\backend\\src\\models\\Order.ts","statementMap":{"0":{"start":{"line":1,"column":0},"end":{"line":1,"column":54}},"1":{"start":{"line":26,"column":24},"end":{"line":43,"column":null}},"2":{"start":{"line":46,"column":30},"end":{"line":53,"column":null}},"3":{"start":{"line":56,"column":20},"end":{"line":84,"column":null}},"4":{"start":{"line":87,"column":0},"end":{"line":87,"column":60}}},"fnMap":{},"branchMap":{},"s":{"0":1,"1":1,"2":1,"3":1,"4":1},"f":{},"b":{}}
,"C:\\Users\\NimmagaddaLakshmiSar\\Documents\\Assignments\\capstone furniro\\backend\\src\\models\\Product.ts": {"path":"C:\\Users\\NimmagaddaLakshmiSar\\Documents\\Assignments\\capstone furniro\\backend\\src\\models\\Product.ts","statementMap":{"0":{"start":{"line":1,"column":0},"end":{"line":1,"column":54}},"1":{"start":{"line":17,"column":22},"end":{"line":68,"column":null}},"2":{"start":{"line":71,"column":0},"end":{"line":71,"column":59}},"3":{"start":{"line":73,"column":0},"end":{"line":73,"column":66}}},"fnMap":{},"branchMap":{},"s":{"0":1,"1":1,"2":1,"3":1},"f":{},"b":{}}
,"C:\\Users\\NimmagaddaLakshmiSar\\Documents\\Assignments\\capstone furniro\\backend\\src\\models\\User.ts": {"path":"C:\\Users\\NimmagaddaLakshmiSar\\Documents\\Assignments\\capstone furniro\\backend\\src\\models\\User.ts","statementMap":{"0":{"start":{"line":1,"column":0},"end":{"line":1,"column":54}},"1":{"start":{"line":2,"column":0},"end":{"line":2,"column":28}},"2":{"start":{"line":12,"column":19},"end":{"line":32,"column":null}},"3":{"start":{"line":35,"column":0},"end":{"line":40,"column":3}},"4":{"start":{"line":36,"column":2},"end":{"line":36,"column":50}},"5":{"start":{"line":36,"column":36},"end":{"line":36,"column":50}},"6":{"start":{"line":37,"column":15},"end":{"line":37,"column":39}},"7":{"start":{"line":38,"column":2},"end":{"line":38,"column":57}},"8":{"start":{"line":39,"column":2},"end":{"line":39,"column":9}},"9":{"start":{"line":42,"column":0},"end":{"line":46,"column":2}},"10":{"start":{"line":45,"column":2},"end":{"line":45,"column":58}},"11":{"start":{"line":48,"column":0},"end":{"line":48,"column":57}}},"fnMap":{"0":{"name":"(anonymous_10)","decl":{"start":{"line":35,"column":23},"end":{"line":35,"column":28}},"loc":{"start":{"line":35,"column":43},"end":{"line":40,"column":1}}},"1":{"name":"(anonymous_11)","decl":{"start":{"line":42,"column":37},"end":{"line":42,"column":42}},"loc":{"start":{"line":43,"column":27},"end":{"line":46,"column":1}}}},"branchMap":{"0":{"loc":{"start":{"line":36,"column":2},"end":{"line":36,"column":50}},"type":"if","locations":[{"start":{"line":36,"column":2},"end":{"line":36,"column":50}}]}},"s":{"0":1,"1":1,"2":1,"3":1,"4":0,"5":0,"6":0,"7":0,"8":0,"9":1,"10":0,"11":1},"f":{"0":0,"1":0},"b":{"0":[0]}}
,"C:\\Users\\NimmagaddaLakshmiSar\\Documents\\Assignments\\capstone furniro\\backend\\src\\models\\Wishlist.ts": {"path":"C:\\Users\\NimmagaddaLakshmiSar\\Documents\\Assignments\\capstone furniro\\backend\\src\\models\\Wishlist.ts","statementMap":{"0":{"start":{"line":1,"column":0},"end":{"line":1,"column":54}},"1":{"start":{"line":15,"column":27},"end":{"line":22,"column":null}},"2":{"start":{"line":25,"column":23},"end":{"line":35,"column":null}},"3":{"start":{"line":38,"column":0},"end":{"line":38,"column":69}}},"fnMap":{},"branchMap":{},"s":{"0":1,"1":1,"2":1,"3":1},"f":{},"b":{}}
,"C:\\Users\\NimmagaddaLakshmiSar\\Documents\\Assignments\\capstone furniro\\backend\\src\\routes\\authRoutes.ts": {"path":"C:\\Users\\NimmagaddaLakshmiSar\\Documents\\Assignments\\capstone furniro\\backend\\src\\routes\\authRoutes.ts","statementMap":{"0":{"start":{"line":1,"column":0},"end":{"line":1,"column":33}},"1":{"start":{"line":2,"column":0},"end":{"line":2,"column":null}},"2":{"start":{"line":8,"column":0},"end":{"line":8,"column":55}},"3":{"start":{"line":10,"column":15},"end":{"line":10,"column":23}},"4":{"start":{"line":12,"column":0},"end":{"line":12,"column":35}},"5":{"start":{"line":13,"column":0},"end":{"line":13,"column":29}},"6":{"start":{"line":14,"column":0},"end":{"line":14,"column":44}},"7":{"start":{"line":15,"column":0},"end":{"line":15,"column":47}},"8":{"start":{"line":17,"column":0},"end":{"line":17,"column":22}}},"fnMap":{},"branchMap":{},"s":{"0":0,"1":0,"2":0,"3":0,"4":0,"5":0,"6":0,"7":0,"8":0},"f":{},"b":{}}
,"C:\\Users\\NimmagaddaLakshmiSar\\Documents\\Assignments\\capstone furniro\\backend\\src\\routes\\cartRoutes.ts": {"path":"C:\\Users\\NimmagaddaLakshmiSar\\Documents\\Assignments\\capstone furniro\\backend\\src\\routes\\cartRoutes.ts","statementMap":{"0":{"start":{"line":1,"column":0},"end":{"line":1,"column":33}},"1":{"start":{"line":2,"column":0},"end":{"line":2,"column":null}},"2":{"start":{"line":10,"column":0},"end":{"line":10,"column":55}},"3":{"start":{"line":12,"column":15},"end":{"line":12,"column":23}},"4":{"start":{"line":14,"column":0},"end":{"line":14,"column":20}},"5":{"start":{"line":16,"column":0},"end":{"line":16,"column":25}},"6":{"start":{"line":17,"column":0},"end":{"line":17,"column":31}},"7":{"start":{"line":18,"column":0},"end":{"line":18,"column":31}},"8":{"start":{"line":19,"column":0},"end":{"line":19,"column":42}},"9":{"start":{"line":20,"column":0},"end":{"line":20,"column":45}},"10":{"start":{"line":21,"column":0},"end":{"line":21,"column":30}},"11":{"start":{"line":23,"column":0},"end":{"line":23,"column":22}}},"fnMap":{},"branchMap":{},"s":{"0":0,"1":0,"2":0,"3":0,"4":0,"5":0,"6":0,"7":0,"8":0,"9":0,"10":0,"11":0},"f":{},"b":{}}
,"C:\\Users\\NimmagaddaLakshmiSar\\Documents\\Assignments\\capstone furniro\\backend\\src\\routes\\orderRoutes.ts": {"path":"C:\\Users\\NimmagaddaLakshmiSar\\Documents\\Assignments\\capstone furniro\\backend\\src\\routes\\orderRoutes.ts","statementMap":{"0":{"start":{"line":1,"column":0},"end":{"line":1,"column":33}},"1":{"start":{"line":2,"column":0},"end":{"line":2,"column":null}},"2":{"start":{"line":7,"column":0},"end":{"line":7,"column":55}},"3":{"start":{"line":9,"column":15},"end":{"line":9,"column":23}},"4":{"start":{"line":11,"column":0},"end":{"line":11,"column":20}},"5":{"start":{"line":13,"column":0},"end":{"line":13,"column":29}},"6":{"start":{"line":14,"column":0},"end":{"line":14,"column":31}},"7":{"start":{"line":15,"column":0},"end":{"line":15,"column":33}},"8":{"start":{"line":17,"column":0},"end":{"line":17,"column":22}}},"fnMap":{},"branchMap":{},"s":{"0":0,"1":0,"2":0,"3":0,"4":0,"5":0,"6":0,"7":0,"8":0},"f":{},"b":{}}
,"C:\\Users\\NimmagaddaLakshmiSar\\Documents\\Assignments\\capstone furniro\\backend\\src\\routes\\productRoutes.ts": {"path":"C:\\Users\\NimmagaddaLakshmiSar\\Documents\\Assignments\\capstone furniro\\backend\\src\\routes\\productRoutes.ts","statementMap":{"0":{"start":{"line":1,"column":0},"end":{"line":1,"column":33}},"1":{"start":{"line":2,"column":0},"end":{"line":2,"column":null}},"2":{"start":{"line":11,"column":15},"end":{"line":11,"column":23}},"3":{"start":{"line":13,"column":0},"end":{"line":13,"column":40}},"4":{"start":{"line":14,"column":0},"end":{"line":14,"column":32}},"5":{"start":{"line":15,"column":0},"end":{"line":15,"column":35}},"6":{"start":{"line":16,"column":0},"end":{"line":16,"column":32}},"7":{"start":{"line":17,"column":0},"end":{"line":17,"column":34}},"8":{"start":{"line":18,"column":0},"end":{"line":18,"column":37}},"9":{"start":{"line":20,"column":0},"end":{"line":20,"column":22}}},"fnMap":{},"branchMap":{},"s":{"0":0,"1":0,"2":0,"3":0,"4":0,"5":0,"6":0,"7":0,"8":0,"9":0},"f":{},"b":{}}
,"C:\\Users\\NimmagaddaLakshmiSar\\Documents\\Assignments\\capstone furniro\\backend\\src\\routes\\wishlistRoutes.ts": {"path":"C:\\Users\\NimmagaddaLakshmiSar\\Documents\\Assignments\\capstone furniro\\backend\\src\\routes\\wishlistRoutes.ts","statementMap":{"0":{"start":{"line":1,"column":0},"end":{"line":1,"column":33}},"1":{"start":{"line":2,"column":0},"end":{"line":2,"column":94}},"2":{"start":{"line":3,"column":0},"end":{"line":3,"column":55}},"3":{"start":{"line":5,"column":15},"end":{"line":5,"column":23}},"4":{"start":{"line":7,"column":0},"end":{"line":7,"column":20}},"5":{"start":{"line":9,"column":0},"end":{"line":9,"column":29}},"6":{"start":{"line":10,"column":0},"end":{"line":10,"column":39}},"7":{"start":{"line":11,"column":0},"end":{"line":11,"column":35}},"8":{"start":{"line":13,"column":0},"end":{"line":13,"column":22}}},"fnMap":{},"branchMap":{},"s":{"0":0,"1":0,"2":0,"3":0,"4":0,"5":0,"6":0,"7":0,"8":0},"f":{},"b":{}}
}
