{"total": {"lines":{"total":378,"covered":312,"skipped":0,"pct":82.53},"statements":{"total":426,"covered":359,"skipped":0,"pct":84.27},"functions":{"total":35,"covered":32,"skipped":0,"pct":91.42},"branches":{"total":99,"covered":96,"skipped":0,"pct":96.96},"branchesTrue":{"total":0,"covered":0,"skipped":0,"pct":100}}
,"C:\\Users\\NimmagaddaLakshmiSar\\Documents\\Assignments\\capstone furniro\\backend\\src\\config\\db.ts": {"lines":{"total":12,"covered":0,"skipped":0,"pct":0},"functions":{"total":1,"covered":0,"skipped":0,"pct":0},"statements":{"total":12,"covered":0,"skipped":0,"pct":0},"branches":{"total":1,"covered":0,"skipped":0,"pct":0}}
,"C:\\Users\\NimmagaddaLakshmiSar\\Documents\\Assignments\\capstone furniro\\backend\\src\\controllers\\authController.ts": {"lines":{"total":52,"covered":52,"skipped":0,"pct":100},"functions":{"total":5,"covered":5,"skipped":0,"pct":100},"statements":{"total":59,"covered":59,"skipped":0,"pct":100},"branches":{"total":17,"covered":16,"skipped":0,"pct":94.11}}
,"C:\\Users\\NimmagaddaLakshmiSar\\Documents\\Assignments\\capstone furniro\\backend\\src\\controllers\\cartController.ts": {"lines":{"total":68,"covered":68,"skipped":0,"pct":100},"functions":{"total":9,"covered":9,"skipped":0,"pct":100},"statements":{"total":81,"covered":81,"skipped":0,"pct":100},"branches":{"total":24,"covered":24,"skipped":0,"pct":100}}
,"C:\\Users\\NimmagaddaLakshmiSar\\Documents\\Assignments\\capstone furniro\\backend\\src\\controllers\\orderController.ts": {"lines":{"total":43,"covered":43,"skipped":0,"pct":100},"functions":{"total":3,"covered":3,"skipped":0,"pct":100},"statements":{"total":46,"covered":46,"skipped":0,"pct":100},"branches":{"total":11,"covered":11,"skipped":0,"pct":100}}
,"C:\\Users\\NimmagaddaLakshmiSar\\Documents\\Assignments\\capstone furniro\\backend\\src\\controllers\\productController.ts": {"lines":{"total":62,"covered":62,"skipped":0,"pct":100},"functions":{"total":7,"covered":7,"skipped":0,"pct":100},"statements":{"total":78,"covered":78,"skipped":0,"pct":100},"branches":{"total":21,"covered":21,"skipped":0,"pct":100}}
,"C:\\Users\\NimmagaddaLakshmiSar\\Documents\\Assignments\\capstone furniro\\backend\\src\\controllers\\wishlistController.ts": {"lines":{"total":39,"covered":39,"skipped":0,"pct":100},"functions":{"total":5,"covered":5,"skipped":0,"pct":100},"statements":{"total":44,"covered":44,"skipped":0,"pct":100},"branches":{"total":16,"covered":16,"skipped":0,"pct":100}}
,"C:\\Users\\NimmagaddaLakshmiSar\\Documents\\Assignments\\capstone furniro\\backend\\src\\middleware\\authMiddleware.ts": {"lines":{"total":16,"covered":16,"skipped":0,"pct":100},"functions":{"total":1,"covered":1,"skipped":0,"pct":100},"statements":{"total":17,"covered":17,"skipped":0,"pct":100},"branches":{"total":4,"covered":4,"skipped":0,"pct":100}}
,"C:\\Users\\NimmagaddaLakshmiSar\\Documents\\Assignments\\capstone furniro\\backend\\src\\middleware\\errorHandler.ts": {"lines":{"total":9,"covered":9,"skipped":0,"pct":100},"functions":{"total":2,"covered":2,"skipped":0,"pct":100},"statements":{"total":11,"covered":11,"skipped":0,"pct":100},"branches":{"total":4,"covered":4,"skipped":0,"pct":100}}
,"C:\\Users\\NimmagaddaLakshmiSar\\Documents\\Assignments\\capstone furniro\\backend\\src\\models\\Cart.ts": {"lines":{"total":4,"covered":4,"skipped":0,"pct":100},"functions":{"total":0,"covered":0,"skipped":0,"pct":100},"statements":{"total":4,"covered":4,"skipped":0,"pct":100},"branches":{"total":0,"covered":0,"skipped":0,"pct":100}}
,"C:\\Users\\NimmagaddaLakshmiSar\\Documents\\Assignments\\capstone furniro\\backend\\src\\models\\Order.ts": {"lines":{"total":5,"covered":5,"skipped":0,"pct":100},"functions":{"total":0,"covered":0,"skipped":0,"pct":100},"statements":{"total":5,"covered":5,"skipped":0,"pct":100},"branches":{"total":0,"covered":0,"skipped":0,"pct":100}}
,"C:\\Users\\NimmagaddaLakshmiSar\\Documents\\Assignments\\capstone furniro\\backend\\src\\models\\Product.ts": {"lines":{"total":4,"covered":4,"skipped":0,"pct":100},"functions":{"total":0,"covered":0,"skipped":0,"pct":100},"statements":{"total":4,"covered":4,"skipped":0,"pct":100},"branches":{"total":0,"covered":0,"skipped":0,"pct":100}}
,"C:\\Users\\NimmagaddaLakshmiSar\\Documents\\Assignments\\capstone furniro\\backend\\src\\models\\User.ts": {"lines":{"total":11,"covered":6,"skipped":0,"pct":54.54},"functions":{"total":2,"covered":0,"skipped":0,"pct":0},"statements":{"total":12,"covered":6,"skipped":0,"pct":50},"branches":{"total":1,"covered":0,"skipped":0,"pct":0}}
,"C:\\Users\\NimmagaddaLakshmiSar\\Documents\\Assignments\\capstone furniro\\backend\\src\\models\\Wishlist.ts": {"lines":{"total":4,"covered":4,"skipped":0,"pct":100},"functions":{"total":0,"covered":0,"skipped":0,"pct":100},"statements":{"total":4,"covered":4,"skipped":0,"pct":100},"branches":{"total":0,"covered":0,"skipped":0,"pct":100}}
,"C:\\Users\\NimmagaddaLakshmiSar\\Documents\\Assignments\\capstone furniro\\backend\\src\\routes\\authRoutes.ts": {"lines":{"total":9,"covered":0,"skipped":0,"pct":0},"functions":{"total":0,"covered":0,"skipped":0,"pct":100},"statements":{"total":9,"covered":0,"skipped":0,"pct":0},"branches":{"total":0,"covered":0,"skipped":0,"pct":100}}
,"C:\\Users\\NimmagaddaLakshmiSar\\Documents\\Assignments\\capstone furniro\\backend\\src\\routes\\cartRoutes.ts": {"lines":{"total":12,"covered":0,"skipped":0,"pct":0},"functions":{"total":0,"covered":0,"skipped":0,"pct":100},"statements":{"total":12,"covered":0,"skipped":0,"pct":0},"branches":{"total":0,"covered":0,"skipped":0,"pct":100}}
,"C:\\Users\\NimmagaddaLakshmiSar\\Documents\\Assignments\\capstone furniro\\backend\\src\\routes\\orderRoutes.ts": {"lines":{"total":9,"covered":0,"skipped":0,"pct":0},"functions":{"total":0,"covered":0,"skipped":0,"pct":100},"statements":{"total":9,"covered":0,"skipped":0,"pct":0},"branches":{"total":0,"covered":0,"skipped":0,"pct":100}}
,"C:\\Users\\NimmagaddaLakshmiSar\\Documents\\Assignments\\capstone furniro\\backend\\src\\routes\\productRoutes.ts": {"lines":{"total":10,"covered":0,"skipped":0,"pct":0},"functions":{"total":0,"covered":0,"skipped":0,"pct":100},"statements":{"total":10,"covered":0,"skipped":0,"pct":0},"branches":{"total":0,"covered":0,"skipped":0,"pct":100}}
,"C:\\Users\\NimmagaddaLakshmiSar\\Documents\\Assignments\\capstone furniro\\backend\\src\\routes\\wishlistRoutes.ts": {"lines":{"total":9,"covered":0,"skipped":0,"pct":0},"functions":{"total":0,"covered":0,"skipped":0,"pct":100},"statements":{"total":9,"covered":0,"skipped":0,"pct":0},"branches":{"total":0,"covered":0,"skipped":0,"pct":100}}
}
