TN:
SF:src\config\db.ts
FN:3,(anonymous_1)
FNF:1
FNH:0
FNDA:0,(anonymous_1)
DA:1,0
DA:3,0
DA:4,0
DA:5,0
DA:6,0
DA:7,0
DA:10,0
DA:11,0
DA:12,0
DA:14,0
DA:15,0
DA:19,0
LF:12
LH:0
BRDA:5,0,0,0
BRF:1
BRH:0
end_of_record
TN:
SF:src\controllers\authController.ts
FN:7,(anonymous_1)
FN:13,(anonymous_2)
FN:42,(anonymous_3)
FN:83,(anonymous_4)
FN:104,(anonymous_5)
FNF:5
FNH:5
FNDA:2,(anonymous_1)
FNDA:6,(anonymous_2)
FNDA:6,(anonymous_3)
FNDA:3,(anonymous_4)
FNDA:6,(anonymous_5)
DA:2,1
DA:3,1
DA:5,1
DA:7,1
DA:8,2
DA:9,2
DA:10,2
DA:13,1
DA:18,6
DA:19,6
DA:21,6
DA:22,3
DA:25,3
DA:26,2
DA:27,1
DA:30,1
DA:31,1
DA:33,1
DA:38,1
DA:42,1
DA:47,6
DA:48,6
DA:50,6
DA:51,2
DA:54,4
DA:55,3
DA:56,1
DA:59,2
DA:60,2
DA:61,1
DA:64,1
DA:66,1
DA:79,1
DA:83,1
DA:88,3
DA:89,3
DA:90,2
DA:91,1
DA:94,1
DA:100,1
DA:104,1
DA:109,6
DA:110,6
DA:111,6
DA:113,5
DA:114,1
DA:117,4
DA:118,4
DA:119,4
DA:121,4
DA:123,4
DA:135,1
LF:52
LH:52
BRDA:9,0,0,2
BRDA:9,0,1,0
BRDA:21,1,0,3
BRDA:21,2,0,6
BRDA:21,2,1,5
BRDA:21,2,2,4
BRDA:26,3,0,1
BRDA:50,4,0,2
BRDA:50,5,0,6
BRDA:50,5,1,5
BRDA:55,6,0,1
BRDA:60,7,0,1
BRDA:90,8,0,1
BRDA:113,9,0,1
BRDA:117,10,0,1
BRDA:118,11,0,1
BRDA:119,12,0,1
BRF:17
BRH:16
end_of_record
TN:
SF:src\controllers\cartController.ts
FN:6,(anonymous_1)
FN:24,(anonymous_2)
FN:49,(anonymous_3)
FN:70,(anonymous_4)
FN:86,(anonymous_5)
FN:102,(anonymous_6)
FN:113,(anonymous_7)
FN:126,(anonymous_8)
FN:148,(anonymous_9)
FNF:9
FNH:9
FNDA:3,(anonymous_1)
FNDA:8,(anonymous_2)
FNDA:2,(anonymous_3)
FNDA:6,(anonymous_4)
FNDA:1,(anonymous_5)
FNDA:3,(anonymous_6)
FNDA:2,(anonymous_7)
FNDA:3,(anonymous_8)
FNDA:4,(anonymous_9)
DA:2,1
DA:4,1
DA:6,1
DA:11,3
DA:12,3
DA:14,2
DA:20,1
DA:24,1
DA:29,8
DA:30,8
DA:32,8
DA:33,3
DA:36,5
DA:37,1
DA:40,4
DA:42,3
DA:43,1
DA:48,2
DA:49,2
DA:51,2
DA:52,1
DA:54,1
DA:57,2
DA:60,3
DA:66,1
DA:70,1
DA:75,6
DA:76,6
DA:77,6
DA:79,6
DA:80,2
DA:83,4
DA:84,3
DA:86,2
DA:87,2
DA:89,1
DA:90,1
DA:92,1
DA:98,1
DA:102,1
DA:107,3
DA:108,3
DA:110,3
DA:111,2
DA:113,2
DA:114,1
DA:116,1
DA:122,1
DA:126,1
DA:131,3
DA:132,3
DA:133,2
DA:135,1
DA:136,1
DA:138,1
DA:144,1
DA:148,1
DA:153,4
DA:154,4
DA:156,4
DA:157,1
DA:160,3
DA:162,2
DA:163,1
DA:165,1
DA:166,1
DA:169,2
DA:175,1
LF:68
LH:68
BRDA:17,0,0,2
BRDA:17,0,1,1
BRDA:30,1,0,5
BRDA:30,2,0,8
BRDA:30,3,0,8
BRDA:32,4,0,3
BRDA:32,5,0,8
BRDA:32,5,1,7
BRDA:32,5,2,6
BRDA:36,6,0,1
BRDA:42,7,0,1
BRDA:42,7,1,2
BRDA:51,8,0,1
BRDA:51,8,1,1
BRDA:79,9,0,2
BRDA:79,10,0,6
BRDA:79,10,1,4
BRDA:84,11,0,1
BRDA:87,12,0,1
BRDA:111,13,0,1
BRDA:133,14,0,1
BRDA:156,15,0,1
BRDA:162,16,0,1
BRDA:162,16,1,1
BRF:24
BRH:24
end_of_record
TN:
SF:src\controllers\orderController.ts
FN:8,(anonymous_1)
FN:76,(anonymous_2)
FN:96,(anonymous_3)
FNF:3
FNH:3
FNDA:10,(anonymous_1)
FNDA:3,(anonymous_2)
FNDA:3,(anonymous_3)
DA:2,1
DA:3,1
DA:4,1
DA:6,1
DA:8,1
DA:13,10
DA:14,10
DA:16,10
DA:17,3
DA:20,7
DA:24,6
DA:25,2
DA:28,4
DA:29,4
DA:31,4
DA:32,4
DA:33,4
DA:34,1
DA:36,3
DA:37,1
DA:40,2
DA:41,2
DA:43,2
DA:49,2
DA:50,2
DA:53,2
DA:61,2
DA:62,2
DA:64,2
DA:66,2
DA:72,1
DA:76,1
DA:81,3
DA:82,3
DA:86,2
DA:92,1
DA:96,1
DA:101,3
DA:102,3
DA:107,2
DA:108,1
DA:111,1
DA:117,1
LF:43
LH:43
BRDA:14,0,0,8
BRDA:16,1,0,3
BRDA:16,2,0,10
BRDA:16,2,1,9
BRDA:16,2,2,8
BRDA:24,3,0,2
BRDA:24,4,0,6
BRDA:24,4,1,5
BRDA:33,5,0,1
BRDA:36,6,0,1
BRDA:107,7,0,1
BRF:11
BRH:11
end_of_record
TN:
SF:src\controllers\productController.ts
FN:5,(anonymous_1)
FN:64,(anonymous_2)
FN:76,(anonymous_3)
FN:98,(anonymous_4)
FN:117,(anonymous_5)
FN:135,(anonymous_6)
FN:158,(anonymous_7)
FNF:7
FNH:7
FNDA:13,(anonymous_1)
FNDA:6,(anonymous_2)
FNDA:14,(anonymous_3)
FNDA:3,(anonymous_4)
FNDA:2,(anonymous_5)
FNDA:3,(anonymous_6)
FNDA:3,(anonymous_7)
DA:2,1
DA:3,1
DA:5,1
DA:10,13
DA:11,13
DA:12,13
DA:13,13
DA:14,13
DA:16,13
DA:18,13
DA:19,1
DA:25,13
DA:26,1
DA:29,13
DA:30,2
DA:31,2
DA:32,2
DA:35,13
DA:36,13
DA:37,13
DA:38,13
DA:39,13
DA:41,13
DA:46,12
DA:48,12
DA:60,1
DA:64,1
DA:69,6
DA:70,6
DA:72,6
DA:73,1
DA:76,14
DA:78,5
DA:79,1
DA:82,4
DA:83,1
DA:86,3
DA:88,2
DA:94,1
DA:98,1
DA:103,3
DA:104,3
DA:105,2
DA:107,1
DA:113,1
DA:117,1
DA:122,2
DA:123,2
DA:125,1
DA:131,1
DA:135,1
DA:140,3
DA:141,3
DA:146,2
DA:148,1
DA:154,1
DA:158,1
DA:163,3
DA:164,3
DA:165,2
DA:167,1
DA:173,1
LF:62
LH:62
BRDA:12,0,0,13
BRDA:12,0,1,12
BRDA:13,1,0,13
BRDA:13,1,1,10
BRDA:18,2,0,1
BRDA:25,3,0,1
BRDA:29,4,0,2
BRDA:29,5,0,13
BRDA:29,5,1,12
BRDA:31,6,0,1
BRDA:32,7,0,1
BRDA:36,8,0,1
BRDA:37,9,0,1
BRDA:38,10,0,1
BRDA:39,11,0,1
BRDA:72,12,0,1
BRDA:78,13,0,1
BRDA:82,14,0,1
BRDA:105,15,0,1
BRDA:146,16,0,1
BRDA:165,17,0,1
BRF:21
BRH:21
end_of_record
TN:
SF:src\controllers\wishlistController.ts
FN:6,(anonymous_1)
FN:24,(anonymous_2)
FN:53,(anonymous_3)
FN:56,(anonymous_4)
FN:79,(anonymous_5)
FNF:5
FNH:5
FNDA:3,(anonymous_1)
FNDA:8,(anonymous_2)
FNDA:2,(anonymous_3)
FNDA:1,(anonymous_4)
FNDA:5,(anonymous_5)
DA:2,1
DA:4,1
DA:6,1
DA:11,3
DA:12,3
DA:14,2
DA:20,1
DA:24,1
DA:29,8
DA:30,8
DA:32,8
DA:33,3
DA:36,5
DA:37,5
DA:39,4
DA:40,2
DA:45,2
DA:50,2
DA:53,2
DA:55,2
DA:56,1
DA:57,1
DA:59,1
DA:65,1
DA:66,1
DA:68,1
DA:75,1
DA:79,1
DA:84,5
DA:85,5
DA:87,5
DA:88,1
DA:91,4
DA:93,3
DA:94,1
DA:96,2
DA:97,2
DA:100,3
DA:106,1
LF:39
LH:39
BRDA:17,0,0,2
BRDA:17,0,1,1
BRDA:32,1,0,3
BRDA:32,2,0,8
BRDA:32,2,1,7
BRDA:32,2,2,6
BRDA:39,3,0,2
BRDA:42,4,0,2
BRDA:42,4,1,2
BRDA:55,5,0,1
BRDA:55,5,1,1
BRDA:65,6,0,1
BRDA:65,6,1,1
BRDA:87,7,0,1
BRDA:93,8,0,1
BRDA:93,8,1,2
BRF:16
BRH:16
end_of_record
TN:
SF:src\middleware\authMiddleware.ts
FN:12,(anonymous_1)
FNF:1
FNH:1
FNDA:8,(anonymous_1)
DA:2,2
DA:12,2
DA:17,8
DA:19,8
DA:20,4
DA:25,4
DA:28,4
DA:29,4
DA:31,4
DA:32,1
DA:37,1
DA:40,3
DA:41,3
DA:42,2
DA:43,2
DA:45,1
LF:16
LH:16
BRDA:19,0,0,4
BRDA:19,1,0,8
BRDA:19,1,1,6
BRDA:31,2,0,1
BRF:4
BRH:4
end_of_record
TN:
SF:src\middleware\errorHandler.ts
FN:7,(anonymous_0)
FN:25,(anonymous_1)
FNF:2
FNH:2
FNDA:6,(anonymous_0)
FNDA:51,(anonymous_1)
DA:7,7
DA:13,6
DA:14,6
DA:16,6
DA:18,6
DA:25,7
DA:26,51
DA:27,51
DA:28,51
LF:9
LH:9
BRDA:13,0,0,6
BRDA:13,0,1,2
BRDA:14,1,0,6
BRDA:14,1,1,1
BRF:4
BRH:4
end_of_record
TN:
SF:src\models\Cart.ts
FNF:0
FNH:0
DA:1,1
DA:19,1
DA:32,1
DA:45,1
LF:4
LH:4
BRF:0
BRH:0
end_of_record
TN:
SF:src\models\Order.ts
FNF:0
FNH:0
DA:1,1
DA:26,1
DA:46,1
DA:56,1
DA:87,1
LF:5
LH:5
BRF:0
BRH:0
end_of_record
TN:
SF:src\models\Product.ts
FNF:0
FNH:0
DA:1,1
DA:17,1
DA:71,1
DA:73,1
LF:4
LH:4
BRF:0
BRH:0
end_of_record
TN:
SF:src\models\User.ts
FN:35,(anonymous_10)
FN:42,(anonymous_11)
FNF:2
FNH:0
FNDA:0,(anonymous_10)
FNDA:0,(anonymous_11)
DA:1,1
DA:2,1
DA:12,1
DA:35,1
DA:36,0
DA:37,0
DA:38,0
DA:39,0
DA:42,1
DA:45,0
DA:48,1
LF:11
LH:6
BRDA:36,0,0,0
BRF:1
BRH:0
end_of_record
TN:
SF:src\models\Wishlist.ts
FNF:0
FNH:0
DA:1,1
DA:15,1
DA:25,1
DA:38,1
LF:4
LH:4
BRF:0
BRH:0
end_of_record
TN:
SF:src\routes\authRoutes.ts
FNF:0
FNH:0
DA:1,0
DA:2,0
DA:8,0
DA:10,0
DA:12,0
DA:13,0
DA:14,0
DA:15,0
DA:17,0
LF:9
LH:0
BRF:0
BRH:0
end_of_record
TN:
SF:src\routes\cartRoutes.ts
FNF:0
FNH:0
DA:1,0
DA:2,0
DA:10,0
DA:12,0
DA:14,0
DA:16,0
DA:17,0
DA:18,0
DA:19,0
DA:20,0
DA:21,0
DA:23,0
LF:12
LH:0
BRF:0
BRH:0
end_of_record
TN:
SF:src\routes\orderRoutes.ts
FNF:0
FNH:0
DA:1,0
DA:2,0
DA:7,0
DA:9,0
DA:11,0
DA:13,0
DA:14,0
DA:15,0
DA:17,0
LF:9
LH:0
BRF:0
BRH:0
end_of_record
TN:
SF:src\routes\productRoutes.ts
FNF:0
FNH:0
DA:1,0
DA:2,0
DA:11,0
DA:13,0
DA:14,0
DA:15,0
DA:16,0
DA:17,0
DA:18,0
DA:20,0
LF:10
LH:0
BRF:0
BRH:0
end_of_record
TN:
SF:src\routes\wishlistRoutes.ts
FNF:0
FNH:0
DA:1,0
DA:2,0
DA:3,0
DA:5,0
DA:7,0
DA:9,0
DA:10,0
DA:11,0
DA:13,0
LF:9
LH:0
BRF:0
BRH:0
end_of_record
